build/app/intermediates/manifest_merge_blame_file/release/manifest-merger-blame-release-report.txt
1<?xml version="1.0" encoding="utf-8"?>
2<manifest xmlns:android="http://schemas.android.com/apk/res/android"
3    package="com.serviceji.serviceji"
4    android:versionCode="1"
5    android:versionName="1.0.0" >
6
7    <uses-sdk
8        android:minSdkVersion="21"
8-->src\main\AndroidManifest.xml
9        android:targetSdkVersion="30" />
9-->src\main\AndroidManifest.xml
10
11    <uses-permission android:name="android.permission.INTERNET" />
11-->src\main\AndroidManifest.xml:4:5-67
11-->src\main\AndroidManifest.xml:4:22-64
12    <uses-permission android:name="android.permission.ACCESS_NETWORK_STATE" />
12-->src\main\AndroidManifest.xml:5:5-79
12-->src\main\AndroidManifest.xml:5:22-76
13    <uses-permission android:name="android.permission.WRITE_EXTERNAL_STORAGE" />
13-->src\main\AndroidManifest.xml:6:5-81
13-->src\main\AndroidManifest.xml:6:22-78
14    <uses-permission android:name="android.permission.READ_EXTERNAL_STORAGE" />
14-->src\main\AndroidManifest.xml:7:5-80
14-->src\main\AndroidManifest.xml:7:22-77
15    <uses-permission android:name="android.permission.CAMERA" />
15-->src\main\AndroidManifest.xml:8:5-65
15-->src\main\AndroidManifest.xml:8:22-62
16    <uses-permission android:name="android.permission.ACCESS_WIFI_STATE" /> <!-- Create a unique permission for your app and use it so only your app can receive your OneSignal messages. -->
16-->[:connectivity] AndroidManifest.xml:8:5-76
16-->[:connectivity] AndroidManifest.xml:8:22-73
17    <permission
17-->[com.onesignal:OneSignal:3.15.6] AndroidManifest.xml:7:5-9:47
18        android:name="com.serviceji.serviceji.permission.C2D_MESSAGE"
18-->[com.onesignal:OneSignal:3.15.6] AndroidManifest.xml:8:9-63
19        android:protectionLevel="signature" />
19-->[com.onesignal:OneSignal:3.15.6] AndroidManifest.xml:9:9-44
20
21    <uses-permission android:name="com.serviceji.serviceji.permission.C2D_MESSAGE" />
21-->[com.onesignal:OneSignal:3.15.6] AndroidManifest.xml:11:5-79
21-->[com.onesignal:OneSignal:3.15.6] AndroidManifest.xml:11:22-76
22    <uses-permission android:name="com.google.android.c2dm.permission.RECEIVE" /> <!-- Required, makes sure notifications are delivered on time. -->
22-->[com.onesignal:OneSignal:3.15.6] AndroidManifest.xml:17:5-82
22-->[com.onesignal:OneSignal:3.15.6] AndroidManifest.xml:17:22-79
23    <uses-permission android:name="android.permission.WAKE_LOCK" />
23-->[com.onesignal:OneSignal:3.15.6] AndroidManifest.xml:18:5-68
23-->[com.onesignal:OneSignal:3.15.6] AndroidManifest.xml:18:22-65
24    <!--
25 Required so the device vibrates on receiving a push notification.
26         Vibration settings of the device still apply.
27    -->
28    <uses-permission android:name="android.permission.VIBRATE" />
28-->[com.onesignal:OneSignal:3.15.6] AndroidManifest.xml:23:5-66
28-->[com.onesignal:OneSignal:3.15.6] AndroidManifest.xml:23:22-63
29    <!--
30 Use to restore notifications the user hasn't interacted with.
31         They could be missed notifications if the user reboots their device if this isn't in place.
32    -->
33    <uses-permission android:name="android.permission.RECEIVE_BOOT_COMPLETED" /> <!-- START: ShortcutBadger -->
33-->[com.onesignal:OneSignal:3.15.6] AndroidManifest.xml:29:5-81
33-->[com.onesignal:OneSignal:3.15.6] AndroidManifest.xml:29:22-78
34    <!-- Samsung -->
35    <uses-permission android:name="com.sec.android.provider.badge.permission.READ" />
35-->[com.onesignal:OneSignal:3.15.6] AndroidManifest.xml:31:5-86
35-->[com.onesignal:OneSignal:3.15.6] AndroidManifest.xml:31:22-83
36    <uses-permission android:name="com.sec.android.provider.badge.permission.WRITE" /> <!-- HTC -->
36-->[com.onesignal:OneSignal:3.15.6] AndroidManifest.xml:32:5-87
36-->[com.onesignal:OneSignal:3.15.6] AndroidManifest.xml:32:22-84
37    <uses-permission android:name="com.htc.launcher.permission.READ_SETTINGS" />
37-->[com.onesignal:OneSignal:3.15.6] AndroidManifest.xml:33:5-81
37-->[com.onesignal:OneSignal:3.15.6] AndroidManifest.xml:33:22-78
38    <uses-permission android:name="com.htc.launcher.permission.UPDATE_SHORTCUT" /> <!-- Sony -->
38-->[com.onesignal:OneSignal:3.15.6] AndroidManifest.xml:34:5-83
38-->[com.onesignal:OneSignal:3.15.6] AndroidManifest.xml:34:22-80
39    <uses-permission android:name="com.sonyericsson.home.permission.BROADCAST_BADGE" />
39-->[com.onesignal:OneSignal:3.15.6] AndroidManifest.xml:35:5-88
39-->[com.onesignal:OneSignal:3.15.6] AndroidManifest.xml:35:22-85
40    <uses-permission android:name="com.sonymobile.home.permission.PROVIDER_INSERT_BADGE" /> <!-- Apex -->
40-->[com.onesignal:OneSignal:3.15.6] AndroidManifest.xml:36:5-92
40-->[com.onesignal:OneSignal:3.15.6] AndroidManifest.xml:36:22-89
41    <uses-permission android:name="com.anddoes.launcher.permission.UPDATE_COUNT" /> <!-- Solid -->
41-->[com.onesignal:OneSignal:3.15.6] AndroidManifest.xml:37:5-84
41-->[com.onesignal:OneSignal:3.15.6] AndroidManifest.xml:37:22-81
42    <uses-permission android:name="com.majeur.launcher.permission.UPDATE_BADGE" /> <!-- Huawei -->
42-->[com.onesignal:OneSignal:3.15.6] AndroidManifest.xml:38:5-83
42-->[com.onesignal:OneSignal:3.15.6] AndroidManifest.xml:38:22-80
43    <uses-permission android:name="com.huawei.android.launcher.permission.CHANGE_BADGE" />
43-->[com.onesignal:OneSignal:3.15.6] AndroidManifest.xml:39:5-91
43-->[com.onesignal:OneSignal:3.15.6] AndroidManifest.xml:39:22-88
44    <uses-permission android:name="com.huawei.android.launcher.permission.READ_SETTINGS" />
44-->[com.onesignal:OneSignal:3.15.6] AndroidManifest.xml:40:5-92
44-->[com.onesignal:OneSignal:3.15.6] AndroidManifest.xml:40:22-89
45    <uses-permission android:name="com.huawei.android.launcher.permission.WRITE_SETTINGS" /> <!-- ZUK -->
45-->[com.onesignal:OneSignal:3.15.6] AndroidManifest.xml:41:5-93
45-->[com.onesignal:OneSignal:3.15.6] AndroidManifest.xml:41:22-90
46    <uses-permission android:name="android.permission.READ_APP_BADGE" /> <!-- OPPO -->
46-->[com.onesignal:OneSignal:3.15.6] AndroidManifest.xml:42:5-73
46-->[com.onesignal:OneSignal:3.15.6] AndroidManifest.xml:42:22-70
47    <uses-permission android:name="com.oppo.launcher.permission.READ_SETTINGS" />
47-->[com.onesignal:OneSignal:3.15.6] AndroidManifest.xml:43:5-82
47-->[com.onesignal:OneSignal:3.15.6] AndroidManifest.xml:43:22-79
48    <uses-permission android:name="com.oppo.launcher.permission.WRITE_SETTINGS" /> <!-- EvMe -->
48-->[com.onesignal:OneSignal:3.15.6] AndroidManifest.xml:44:5-83
48-->[com.onesignal:OneSignal:3.15.6] AndroidManifest.xml:44:22-80
49    <uses-permission android:name="me.everything.badger.permission.BADGE_COUNT_READ" />
49-->[com.onesignal:OneSignal:3.15.6] AndroidManifest.xml:45:5-88
49-->[com.onesignal:OneSignal:3.15.6] AndroidManifest.xml:45:22-85
50    <uses-permission android:name="me.everything.badger.permission.BADGE_COUNT_WRITE" />
50-->[com.onesignal:OneSignal:3.15.6] AndroidManifest.xml:46:5-89
50-->[com.onesignal:OneSignal:3.15.6] AndroidManifest.xml:46:22-86
51    <uses-permission android:name="com.google.android.finsky.permission.BIND_GET_INSTALL_REFERRER_SERVICE" />
51-->[com.google.android.gms:play-services-measurement:18.0.0] AndroidManifest.xml:26:5-110
51-->[com.google.android.gms:play-services-measurement:18.0.0] AndroidManifest.xml:26:22-107
52
53    <application
53-->src\main\AndroidManifest.xml:13:5-50:19
54        android:name="io.flutter.app.FlutterApplication"
54-->src\main\AndroidManifest.xml:15:9-57
55        android:appComponentFactory="androidx.core.app.CoreComponentFactory"
55-->[androidx.core:core:1.1.0] AndroidManifest.xml:24:18-86
56        android:icon="@mipmap/ic_launcher"
56-->src\main\AndroidManifest.xml:16:9-43
57        android:label="Service Ji"
57-->src\main\AndroidManifest.xml:17:9-35
58        android:requestLegacyExternalStorage="true" >
58-->src\main\AndroidManifest.xml:14:9-52
59        <activity
59-->src\main\AndroidManifest.xml:18:9-44:20
60            android:name="com.serviceji.serviceji.MainActivity"
60-->src\main\AndroidManifest.xml:19:13-41
61            android:configChanges="orientation|keyboardHidden|keyboard|screenSize|smallestScreenSize|locale|layoutDirection|fontScale|screenLayout|density|uiMode"
61-->src\main\AndroidManifest.xml:20:13-163
62            android:hardwareAccelerated="true"
62-->src\main\AndroidManifest.xml:21:13-47
63            android:launchMode="singleTop"
63-->src\main\AndroidManifest.xml:22:13-43
64            android:theme="@style/LaunchTheme"
64-->src\main\AndroidManifest.xml:23:13-47
65            android:windowSoftInputMode="adjustResize" >
65-->src\main\AndroidManifest.xml:24:13-55
66
67            <!--
68                 Specifies an Android theme to apply to this Activity as soon as
69                 the Android process has started. This theme is visible to the user
70                 while the Flutter UI initializes. After that, this theme continues
71                 to determine the Window background behind the Flutter UI.
72            -->
73            <meta-data
73-->src\main\AndroidManifest.xml:29:13-31:57
74                android:name="io.flutter.embedding.android.NormalTheme"
74-->src\main\AndroidManifest.xml:30:17-72
75                android:resource="@style/NormalTheme" />
75-->src\main\AndroidManifest.xml:31:17-54
76            <!--
77                 Displays an Android View that continues showing the launch screen
78                 Drawable until Flutter paints its first frame, then this splash
79                 screen fades out. A splash screen is useful to avoid any visual
80                 gap between the end of Android's launch screen and the painting of
81                 Flutter's first frame.
82            -->
83            <meta-data
83-->src\main\AndroidManifest.xml:37:13-39:66
84                android:name="io.flutter.embedding.android.SplashScreenDrawable"
84-->src\main\AndroidManifest.xml:38:17-81
85                android:resource="@drawable/launch_background" />
85-->src\main\AndroidManifest.xml:39:17-63
86
87            <intent-filter>
87-->src\main\AndroidManifest.xml:40:13-43:29
88                <action android:name="android.intent.action.MAIN" />
88-->src\main\AndroidManifest.xml:41:17-69
88-->src\main\AndroidManifest.xml:41:25-66
89
90                <category android:name="android.intent.category.LAUNCHER" />
90-->src\main\AndroidManifest.xml:42:17-77
90-->src\main\AndroidManifest.xml:42:27-74
91            </intent-filter>
92        </activity>
93        <!--
94             Don't delete the meta-data below.
95             This is used by the Flutter tool to generate GeneratedPluginRegistrant.java
96        -->
97        <meta-data
97-->src\main\AndroidManifest.xml:47:9-49:33
98            android:name="flutterEmbedding"
98-->src\main\AndroidManifest.xml:48:13-44
99            android:value="2" />
99-->src\main\AndroidManifest.xml:49:13-30
100
101        <service
101-->[:firebase_crashlytics] AndroidManifest.xml:8:9-12:19
102            android:name="com.google.firebase.components.ComponentDiscoveryService"
102-->[:firebase_crashlytics] AndroidManifest.xml:8:18-89
103            android:directBootAware="true"
103-->[com.google.firebase:firebase-common:19.4.0] AndroidManifest.xml:35:13-43
104            android:exported="false" >
104-->[com.google.firebase:firebase-crashlytics:17.3.0] AndroidManifest.xml:17:13-37
105            <meta-data
105-->[:firebase_crashlytics] AndroidManifest.xml:9:13-11:85
106                android:name="com.google.firebase.components:io.flutter.plugins.firebase.crashlytics.FlutterFirebaseAppRegistrar"
106-->[:firebase_crashlytics] AndroidManifest.xml:10:17-130
107                android:value="com.google.firebase.components.ComponentRegistrar" />
107-->[:firebase_crashlytics] AndroidManifest.xml:11:17-82
108            <meta-data
108-->[:firebase_core] AndroidManifest.xml:9:13-11:85
109                android:name="com.google.firebase.components:io.flutter.plugins.firebase.core.FlutterFirebaseCoreRegistrar"
109-->[:firebase_core] AndroidManifest.xml:10:17-124
110                android:value="com.google.firebase.components.ComponentRegistrar" />
110-->[:firebase_core] AndroidManifest.xml:11:17-82
111            <meta-data
111-->[com.google.firebase:firebase-crashlytics:17.3.0] AndroidManifest.xml:18:13-20:85
112                android:name="com.google.firebase.components:com.google.firebase.crashlytics.CrashlyticsRegistrar"
112-->[com.google.firebase:firebase-crashlytics:17.3.0] AndroidManifest.xml:19:17-115
113                android:value="com.google.firebase.components.ComponentRegistrar" />
113-->[com.google.firebase:firebase-crashlytics:17.3.0] AndroidManifest.xml:20:17-82
114            <meta-data
114-->[com.google.firebase:firebase-messaging:20.3.0] AndroidManifest.xml:39:13-41:85
115                android:name="com.google.firebase.components:com.google.firebase.messaging.FirebaseMessagingRegistrar"
115-->[com.google.firebase:firebase-messaging:20.3.0] AndroidManifest.xml:40:17-119
116                android:value="com.google.firebase.components.ComponentRegistrar" />
116-->[com.google.firebase:firebase-messaging:20.3.0] AndroidManifest.xml:41:17-82
117            <meta-data
117-->[com.google.firebase:firebase-datatransport:17.0.3] AndroidManifest.xml:28:13-30:85
118                android:name="com.google.firebase.components:com.google.firebase.datatransport.TransportRegistrar"
118-->[com.google.firebase:firebase-datatransport:17.0.3] AndroidManifest.xml:29:17-115
119                android:value="com.google.firebase.components.ComponentRegistrar" />
119-->[com.google.firebase:firebase-datatransport:17.0.3] AndroidManifest.xml:30:17-82
120            <meta-data
120-->[com.google.firebase:firebase-iid:20.3.0] AndroidManifest.xml:32:13-34:85
121                android:name="com.google.firebase.components:com.google.firebase.iid.Registrar"
121-->[com.google.firebase:firebase-iid:20.3.0] AndroidManifest.xml:33:17-96
122                android:value="com.google.firebase.components.ComponentRegistrar" />
122-->[com.google.firebase:firebase-iid:20.3.0] AndroidManifest.xml:34:17-82
123            <meta-data
123-->[com.google.android.gms:play-services-measurement-api:18.0.0] AndroidManifest.xml:30:13-32:85
124                android:name="com.google.firebase.components:com.google.firebase.analytics.connector.internal.AnalyticsConnectorRegistrar"
124-->[com.google.android.gms:play-services-measurement-api:18.0.0] AndroidManifest.xml:31:17-139
125                android:value="com.google.firebase.components.ComponentRegistrar" />
125-->[com.google.android.gms:play-services-measurement-api:18.0.0] AndroidManifest.xml:32:17-82
126            <meta-data
126-->[com.google.firebase:firebase-installations:16.3.4] AndroidManifest.xml:18:13-20:85
127                android:name="com.google.firebase.components:com.google.firebase.installations.FirebaseInstallationsRegistrar"
127-->[com.google.firebase:firebase-installations:16.3.4] AndroidManifest.xml:19:17-127
128                android:value="com.google.firebase.components.ComponentRegistrar" />
128-->[com.google.firebase:firebase-installations:16.3.4] AndroidManifest.xml:20:17-82
129        </service>
130
131        <provider
131-->[:image_picker] AndroidManifest.xml:11:9-19:20
132            android:name="io.flutter.plugins.imagepicker.ImagePickerFileProvider"
132-->[:image_picker] AndroidManifest.xml:12:13-82
133            android:authorities="com.serviceji.serviceji.flutter.image_provider"
133-->[:image_picker] AndroidManifest.xml:13:13-74
134            android:exported="false"
134-->[:image_picker] AndroidManifest.xml:14:13-37
135            android:grantUriPermissions="true" >
135-->[:image_picker] AndroidManifest.xml:15:13-47
136            <meta-data
136-->[:image_picker] AndroidManifest.xml:16:13-18:75
137                android:name="android.support.FILE_PROVIDER_PATHS"
137-->[:image_picker] AndroidManifest.xml:17:17-67
138                android:resource="@xml/flutter_image_picker_file_paths" />
138-->[:image_picker] AndroidManifest.xml:18:17-72
139        </provider>
140
141        <activity
141-->[:url_launcher] AndroidManifest.xml:8:9-11:74
142            android:name="io.flutter.plugins.urllauncher.WebViewActivity"
142-->[:url_launcher] AndroidManifest.xml:9:13-74
143            android:exported="false"
143-->[:url_launcher] AndroidManifest.xml:10:13-37
144            android:theme="@android:style/Theme.NoTitleBar.Fullscreen" />
144-->[:url_launcher] AndroidManifest.xml:11:13-71
145
146        <meta-data
146-->[com.onesignal:OneSignal:3.15.6] AndroidManifest.xml:49:9-51:51
147            android:name="onesignal_app_id"
147-->[com.onesignal:OneSignal:3.15.6] AndroidManifest.xml:50:13-44
148            android:value="${onesignal_app_id}" /> <!-- Deprecated - Pulled from OneSignal dashboard. -->
148-->[com.onesignal:OneSignal:3.15.6] AndroidManifest.xml:51:13-48
149        <meta-data
149-->[com.onesignal:OneSignal:3.15.6] AndroidManifest.xml:53:9-55:70
150            android:name="onesignal_google_project_number"
150-->[com.onesignal:OneSignal:3.15.6] AndroidManifest.xml:54:13-59
151            android:value="str:${onesignal_google_project_number}" />
151-->[com.onesignal:OneSignal:3.15.6] AndroidManifest.xml:55:13-67
152
153        <receiver
153-->[com.onesignal:OneSignal:3.15.6] AndroidManifest.xml:57:9-67:20
154            android:name="com.onesignal.GcmBroadcastReceiver"
154-->[com.onesignal:OneSignal:3.15.6] AndroidManifest.xml:58:13-62
155            android:permission="com.google.android.c2dm.permission.SEND" >
155-->[com.onesignal:OneSignal:3.15.6] AndroidManifest.xml:59:13-73
156
157            <!-- High priority so OneSignal payloads can be filtered from other GCM receivers if filterOtherGCMReceivers is enabled. -->
158            <intent-filter android:priority="999" >
158-->[com.onesignal:OneSignal:3.15.6] AndroidManifest.xml:62:13-66:29
158-->[com.onesignal:OneSignal:3.15.6] AndroidManifest.xml:62:28-50
159                <action android:name="com.google.android.c2dm.intent.RECEIVE" />
159-->[com.onesignal:OneSignal:3.15.6] AndroidManifest.xml:63:17-81
159-->[com.onesignal:OneSignal:3.15.6] AndroidManifest.xml:63:25-78
160
161                <category android:name="com.serviceji.serviceji" />
161-->[com.onesignal:OneSignal:3.15.6] AndroidManifest.xml:65:17-61
161-->[com.onesignal:OneSignal:3.15.6] AndroidManifest.xml:65:27-58
162            </intent-filter>
163        </receiver>
164        <receiver android:name="com.onesignal.NotificationOpenedReceiver" />
164-->[com.onesignal:OneSignal:3.15.6] AndroidManifest.xml:68:9-77
164-->[com.onesignal:OneSignal:3.15.6] AndroidManifest.xml:68:19-74
165
166        <service
166-->[com.onesignal:OneSignal:3.15.6] AndroidManifest.xml:70:9-76:19
167            android:name="com.onesignal.HmsMessageServiceOneSignal"
167-->[com.onesignal:OneSignal:3.15.6] AndroidManifest.xml:71:13-68
168            android:exported="false" >
168-->[com.onesignal:OneSignal:3.15.6] AndroidManifest.xml:72:13-37
169            <intent-filter>
169-->[com.onesignal:OneSignal:3.15.6] AndroidManifest.xml:73:13-75:29
170                <action android:name="com.huawei.push.action.MESSAGING_EVENT" />
170-->[com.onesignal:OneSignal:3.15.6] AndroidManifest.xml:74:17-81
170-->[com.onesignal:OneSignal:3.15.6] AndroidManifest.xml:74:25-78
171            </intent-filter>
172        </service>
173
174        <activity
174-->[com.onesignal:OneSignal:3.15.6] AndroidManifest.xml:78:9-84:20
175            android:name="com.onesignal.NotificationOpenedActivityHMS"
175-->[com.onesignal:OneSignal:3.15.6] AndroidManifest.xml:79:13-71
176            android:theme="@android:style/Theme.Translucent.NoTitleBar" >
176-->[com.onesignal:OneSignal:3.15.6] AndroidManifest.xml:80:13-72
177            <intent-filter>
177-->[com.onesignal:OneSignal:3.15.6] AndroidManifest.xml:81:13-83:29
178                <action android:name="android.intent.action.VIEW" />
178-->[com.onesignal:OneSignal:3.15.6] AndroidManifest.xml:82:17-69
178-->[com.onesignal:OneSignal:3.15.6] AndroidManifest.xml:82:25-66
179            </intent-filter>
180        </activity>
181
182        <service android:name="com.onesignal.GcmIntentService" />
182-->[com.onesignal:OneSignal:3.15.6] AndroidManifest.xml:86:9-66
182-->[com.onesignal:OneSignal:3.15.6] AndroidManifest.xml:86:18-63
183        <service
183-->[com.onesignal:OneSignal:3.15.6] AndroidManifest.xml:87:9-89:72
184            android:name="com.onesignal.GcmIntentJobService"
184-->[com.onesignal:OneSignal:3.15.6] AndroidManifest.xml:88:13-61
185            android:permission="android.permission.BIND_JOB_SERVICE" />
185-->[com.onesignal:OneSignal:3.15.6] AndroidManifest.xml:89:13-69
186        <service
186-->[com.onesignal:OneSignal:3.15.6] AndroidManifest.xml:90:9-92:72
187            android:name="com.onesignal.RestoreJobService"
187-->[com.onesignal:OneSignal:3.15.6] AndroidManifest.xml:91:13-59
188            android:permission="android.permission.BIND_JOB_SERVICE" />
188-->[com.onesignal:OneSignal:3.15.6] AndroidManifest.xml:92:13-69
189        <service
189-->[com.onesignal:OneSignal:3.15.6] AndroidManifest.xml:93:9-95:72
190            android:name="com.onesignal.RestoreKickoffJobService"
190-->[com.onesignal:OneSignal:3.15.6] AndroidManifest.xml:94:13-66
191            android:permission="android.permission.BIND_JOB_SERVICE" />
191-->[com.onesignal:OneSignal:3.15.6] AndroidManifest.xml:95:13-69
192        <service
192-->[com.onesignal:OneSignal:3.15.6] AndroidManifest.xml:96:9-98:43
193            android:name="com.onesignal.SyncService"
193-->[com.onesignal:OneSignal:3.15.6] AndroidManifest.xml:97:13-53
194            android:stopWithTask="true" />
194-->[com.onesignal:OneSignal:3.15.6] AndroidManifest.xml:98:13-40
195        <service
195-->[com.onesignal:OneSignal:3.15.6] AndroidManifest.xml:99:9-101:72
196            android:name="com.onesignal.SyncJobService"
196-->[com.onesignal:OneSignal:3.15.6] AndroidManifest.xml:100:13-56
197            android:permission="android.permission.BIND_JOB_SERVICE" />
197-->[com.onesignal:OneSignal:3.15.6] AndroidManifest.xml:101:13-69
198
199        <activity
199-->[com.onesignal:OneSignal:3.15.6] AndroidManifest.xml:103:9-105:75
200            android:name="com.onesignal.PermissionsActivity"
200-->[com.onesignal:OneSignal:3.15.6] AndroidManifest.xml:104:13-61
201            android:theme="@android:style/Theme.Translucent.NoTitleBar" />
201-->[com.onesignal:OneSignal:3.15.6] AndroidManifest.xml:105:13-72
202
203        <service android:name="com.onesignal.NotificationRestoreService" />
203-->[com.onesignal:OneSignal:3.15.6] AndroidManifest.xml:107:9-76
203-->[com.onesignal:OneSignal:3.15.6] AndroidManifest.xml:107:18-73
204
205        <receiver android:name="com.onesignal.BootUpReceiver" >
205-->[com.onesignal:OneSignal:3.15.6] AndroidManifest.xml:109:9-114:20
205-->[com.onesignal:OneSignal:3.15.6] AndroidManifest.xml:109:19-62
206            <intent-filter>
206-->[com.onesignal:OneSignal:3.15.6] AndroidManifest.xml:110:13-113:29
207                <action android:name="android.intent.action.BOOT_COMPLETED" />
207-->[com.onesignal:OneSignal:3.15.6] AndroidManifest.xml:111:17-79
207-->[com.onesignal:OneSignal:3.15.6] AndroidManifest.xml:111:25-76
208                <action android:name="android.intent.action.QUICKBOOT_POWERON" />
208-->[com.onesignal:OneSignal:3.15.6] AndroidManifest.xml:112:17-82
208-->[com.onesignal:OneSignal:3.15.6] AndroidManifest.xml:112:25-79
209            </intent-filter>
210        </receiver>
211        <receiver android:name="com.onesignal.UpgradeReceiver" >
211-->[com.onesignal:OneSignal:3.15.6] AndroidManifest.xml:115:9-119:20
211-->[com.onesignal:OneSignal:3.15.6] AndroidManifest.xml:115:19-63
212            <intent-filter>
212-->[com.onesignal:OneSignal:3.15.6] AndroidManifest.xml:116:13-118:29
213                <action android:name="android.intent.action.MY_PACKAGE_REPLACED" />
213-->[com.onesignal:OneSignal:3.15.6] AndroidManifest.xml:117:17-84
213-->[com.onesignal:OneSignal:3.15.6] AndroidManifest.xml:117:25-81
214            </intent-filter>
215        </receiver>
216        <!--
217             FirebaseMessagingService performs security checks at runtime,
218             but set to not exported to explicitly avoid allowing another app to call it.
219        -->
220        <service
220-->[com.google.firebase:firebase-messaging:20.3.0] AndroidManifest.xml:28:9-35:19
221            android:name="com.google.firebase.messaging.FirebaseMessagingService"
221-->[com.google.firebase:firebase-messaging:20.3.0] AndroidManifest.xml:29:13-82
222            android:directBootAware="true"
222-->[com.google.firebase:firebase-messaging:20.3.0] AndroidManifest.xml:30:13-43
223            android:exported="false" >
223-->[com.google.firebase:firebase-messaging:20.3.0] AndroidManifest.xml:31:13-37
224            <intent-filter android:priority="-500" >
224-->[com.google.firebase:firebase-messaging:20.3.0] AndroidManifest.xml:32:13-34:29
224-->[com.google.firebase:firebase-messaging:20.3.0] AndroidManifest.xml:32:28-51
225                <action android:name="com.google.firebase.MESSAGING_EVENT" />
225-->[com.google.firebase:firebase-messaging:20.3.0] AndroidManifest.xml:33:17-78
225-->[com.google.firebase:firebase-messaging:20.3.0] AndroidManifest.xml:33:25-75
226            </intent-filter>
227        </service>
228        <service
228-->[com.google.android.datatransport:transport-backend-cct:2.3.2] AndroidManifest.xml:29:9-35:19
229            android:name="com.google.android.datatransport.runtime.backends.TransportBackendDiscovery"
229-->[com.google.android.datatransport:transport-backend-cct:2.3.2] AndroidManifest.xml:30:13-103
230            android:exported="false" >
230-->[com.google.android.datatransport:transport-backend-cct:2.3.2] AndroidManifest.xml:31:13-37
231            <meta-data
231-->[com.google.android.datatransport:transport-backend-cct:2.3.2] AndroidManifest.xml:32:13-34:39
232                android:name="backend:com.google.android.datatransport.cct.CctBackendFactory"
232-->[com.google.android.datatransport:transport-backend-cct:2.3.2] AndroidManifest.xml:33:17-94
233                android:value="cct" />
233-->[com.google.android.datatransport:transport-backend-cct:2.3.2] AndroidManifest.xml:34:17-36
234        </service>
235        <service
235-->[com.google.android.datatransport:transport-runtime:2.2.5] AndroidManifest.xml:26:9-30:19
236            android:name="com.google.android.datatransport.runtime.scheduling.jobscheduling.JobInfoSchedulerService"
236-->[com.google.android.datatransport:transport-runtime:2.2.5] AndroidManifest.xml:27:13-117
237            android:exported="false"
237-->[com.google.android.datatransport:transport-runtime:2.2.5] AndroidManifest.xml:28:13-37
238            android:permission="android.permission.BIND_JOB_SERVICE" >
238-->[com.google.android.datatransport:transport-runtime:2.2.5] AndroidManifest.xml:29:13-69
239        </service>
240
241        <receiver
241-->[com.google.android.datatransport:transport-runtime:2.2.5] AndroidManifest.xml:32:9-34:40
242            android:name="com.google.android.datatransport.runtime.scheduling.jobscheduling.AlarmManagerSchedulerBroadcastReceiver"
242-->[com.google.android.datatransport:transport-runtime:2.2.5] AndroidManifest.xml:33:13-132
243            android:exported="false" />
243-->[com.google.android.datatransport:transport-runtime:2.2.5] AndroidManifest.xml:34:13-37
244        <receiver
244-->[com.google.firebase:firebase-iid:20.3.0] AndroidManifest.xml:37:9-44:20
245            android:name="com.google.firebase.iid.FirebaseInstanceIdReceiver"
245-->[com.google.firebase:firebase-iid:20.3.0] AndroidManifest.xml:38:13-78
246            android:exported="true"
246-->[com.google.firebase:firebase-iid:20.3.0] AndroidManifest.xml:39:13-36
247            android:permission="com.google.android.c2dm.permission.SEND" >
247-->[com.google.firebase:firebase-iid:20.3.0] AndroidManifest.xml:40:13-73
248            <intent-filter>
248-->[com.google.firebase:firebase-iid:20.3.0] AndroidManifest.xml:41:13-43:29
249                <action android:name="com.google.android.c2dm.intent.RECEIVE" />
249-->[com.onesignal:OneSignal:3.15.6] AndroidManifest.xml:63:17-81
249-->[com.onesignal:OneSignal:3.15.6] AndroidManifest.xml:63:25-78
250            </intent-filter>
251        </receiver>
252
253        <activity
253-->[com.google.android.gms:play-services-base:17.0.0] AndroidManifest.xml:23:9-26:75
254            android:name="com.google.android.gms.common.api.GoogleApiActivity"
254-->[com.google.android.gms:play-services-base:17.0.0] AndroidManifest.xml:24:13-79
255            android:exported="false"
255-->[com.google.android.gms:play-services-base:17.0.0] AndroidManifest.xml:25:13-37
256            android:theme="@android:style/Theme.Translucent.NoTitleBar" />
256-->[com.google.android.gms:play-services-base:17.0.0] AndroidManifest.xml:26:13-72
257
258        <receiver
258-->[com.google.android.gms:play-services-measurement:18.0.0] AndroidManifest.xml:29:9-33:20
259            android:name="com.google.android.gms.measurement.AppMeasurementReceiver"
259-->[com.google.android.gms:play-services-measurement:18.0.0] AndroidManifest.xml:30:13-85
260            android:enabled="true"
260-->[com.google.android.gms:play-services-measurement:18.0.0] AndroidManifest.xml:31:13-35
261            android:exported="false" >
261-->[com.google.android.gms:play-services-measurement:18.0.0] AndroidManifest.xml:32:13-37
262        </receiver>
263
264        <service
264-->[com.google.android.gms:play-services-measurement:18.0.0] AndroidManifest.xml:35:9-38:40
265            android:name="com.google.android.gms.measurement.AppMeasurementService"
265-->[com.google.android.gms:play-services-measurement:18.0.0] AndroidManifest.xml:36:13-84
266            android:enabled="true"
266-->[com.google.android.gms:play-services-measurement:18.0.0] AndroidManifest.xml:37:13-35
267            android:exported="false" />